<?xml version="1.0" encoding="UTF-8"?>
<!-- Generated by org.testng.reporters.JUnitReportReporter -->
<testsuite skipped="0" hostname="SCTL-BA-I3-03" name="demojava.Hello" tests="1" failures="0" timestamp="21 Jan 2019 10:40:41 GMT" time="14.163" errors="0">
  <testcase name="print" time="14.163" classname="demojava.Hello"/>
</testsuite> <!-- demojava.Hello -->
